<?xml version="1.0" encoding="UTF-8"?>
<!-- Generated by org.testng.reporters.JUnitReportReporter -->
<testsuite hostname="LAPTOP-H93NLDIP" failures="0" tests="1" name="Listener.TestScript" time="0.013" errors="0" timestamp="2024-10-26T13:33:40 IST" skipped="0">
  <testcase classname="Listener.TestScript" name="login" time="0.013"/>
  <system-out>
    <![CDATA[launch the browser
Navigate to url
Click on login link
Enter valid credentials
Click on login button
test script is passed]]>
  </system-out>
</testsuite> <!-- Listener.TestScript -->
