<?xml version="1.0" encoding="UTF-8"?>
<!-- Generated by org.testng.reporters.JUnitReportReporter -->
<testsuite hostname="LAPTOP-H93NLDIP" failures="0" tests="3" name="TestNg.TestScript" time="24.005" errors="0" timestamp="2024-10-25T14:00:16 IST" skipped="0">
  <testcase classname="TestNg.TestScript" name="clickOnBooks" time="5.912"/>
  <system-out>
    <![CDATA[Books page displayed]]>
  </system-out>
  <testcase classname="TestNg.TestScript" name="clickOnBooks" time="7.671"/>
  <system-out>
    <![CDATA[Books page displayed]]>
  </system-out>
  <testcase classname="TestNg.TestScript" name="clickOnBooks" time="10.422"/>
  <system-out>
    <![CDATA[Books page displayed]]>
  </system-out>
</testsuite> <!-- TestNg.TestScript -->
