<?xml version="1.0" encoding="UTF-8"?>
<!-- Generated by org.testng.reporters.JUnitReportReporter -->
<testsuite hostname="LAPTOP-H93NLDIP" failures="0" tests="3" name="CrossBrowserTesting.ToLearnCrossBrowser" time="17.495" errors="0" timestamp="2024-10-26T17:34:30 IST" skipped="0">
  <testcase classname="CrossBrowserTesting.ToLearnCrossBrowser" name="launch" time="8.415"/>
  <system-out/>
  <testcase classname="CrossBrowserTesting.ToLearnCrossBrowser" name="launch" time="4.404"/>
  <system-out/>
  <testcase classname="CrossBrowserTesting.ToLearnCrossBrowser" name="launch" time="4.676"/>
  <system-out/>
</testsuite> <!-- CrossBrowserTesting.ToLearnCrossBrowser -->
