<?xml version="1.0" encoding="UTF-8"?>
<!-- Generated by org.testng.reporters.JUnitReportReporter -->
<testsuite hostname="LAPTOP-H93NLDIP" failures="0" tests="1" name="Assertion.JavaConditions" time="12.933" errors="0" timestamp="2024-10-23T13:35:46 IST" skipped="0">
  <testcase classname="Assertion.JavaConditions" name="login" time="12.933"/>
  <system-out>
    <![CDATA[welcome page is displayed
Login page is displayed
Home page is displayed]]>
  </system-out>
</testsuite> <!-- Assertion.JavaConditions -->
