<?xml version="1.0" encoding="UTF-8"?>
<!-- Generated by org.testng.reporters.JUnitReportReporter -->
<testsuite hostname="LAPTOP-H93NLDIP" failures="0" tests="3" name="TestNg.TestScriptCrossBrowser" time="9.661" errors="0" timestamp="2024-10-26T17:46:38 IST" skipped="0">
  <testcase classname="TestNg.TestScriptCrossBrowser" name="ClickonSales" time="2.343"/>
  <system-out>
    <![CDATA[sales page is displayed]]>
  </system-out>
  <testcase classname="TestNg.TestScriptCrossBrowser" name="ClickonSales" time="2.526"/>
  <system-out>
    <![CDATA[sales page is displayed]]>
  </system-out>
  <testcase classname="TestNg.TestScriptCrossBrowser" name="ClickonSales" time="4.792"/>
  <system-out>
    <![CDATA[sales page is displayed]]>
  </system-out>
</testsuite> <!-- TestNg.TestScriptCrossBrowser -->
