<?xml version="1.0" encoding="UTF-8"?>
<!-- Generated by org.testng.reporters.JUnitReportReporter -->
<testsuite hostname="LAPTOP-H93NLDIP" failures="0" tests="1" name="Assertion.ToLearnsoftAssert" time="82.934" errors="0" timestamp="2024-10-23T13:59:50 IST" skipped="0">
  <testcase classname="Assertion.ToLearnsoftAssert" name="login" time="82.934"/>
  <system-out>
    <![CDATA[Welocme page is displayed
login page is displayed
Home page is displayed]]>
  </system-out>
</testsuite> <!-- Assertion.ToLearnsoftAssert -->
